13:10:08 [OmniEveLoader] OmniEveLoader has started
13:10:08 [OmniEveLoader] OmniEveLoader Parameters we were passed [0] - [C:\Users\_MyWindowsLoginNameRedacted_\Documents\GitHub\OmniEve\output\setting.ini]
13:10:08 [OmniEveLoader] Found [C:\Users\_MyWindowsLoginNameRedacted_\Documents\GitHub\OmniEve\output\setting.ini] loading OmniEve PreLogin Settings
13:10:08 [OmniEveLoader] _pathToOmniEveEXE is [C:\Users\_MyWindowsLoginNameRedacted_\Documents\GitHub\OmniEve\output\OmniEve.exe]
13:10:08 [OmniEveLoader] _appDomainNameToUse is [Q1]
13:10:08 [OmniEveLoader] Starting OmniEve
13:10:08 [OmniEveLoader] ------------------------------------------------------
13:10:08 [OmniEveLoader] ------------------------------------------------------
13:10:08 [OmniEveLoader] Main._pathToOmniEveEXE [C:\Users\_MyWindowsLoginNameRedacted_\Documents\GitHub\OmniEve\output\OmniEve.exe]
13:10:08 [OmniEveLoader] ------------------------------------------------------
13:10:08 [OmniEveLoader] ------------------------------------------------------
13:10:08 [EXEBootStrapper] AppDomain [Q1] created
13:10:08 [Startup] Starting Instance of DirectEVE using StandaloneFramework
13:10:09 [Startup] DirectEVE should now be active: see above for any messages from DirectEVE
13:10:09 [Startup] We have successfully logged in
13:10:09 [Startup] We are logged in.
13:10:09 [Startup] Launching OmniEve
13:10:12 [Startup] Launching OmniEveUI
13:10:23 [OmniEve] OnFrame: Popping next action off the queue
13:10:24 [OmniEve] OnFrame: Initializing current action
13:10:25 [MyOrders] Market already open no need to open the market
13:10:27 [MyOrders] Load orders
13:10:30 [MyOrders] Get list of my orders
13:10:30 [MyOrders] Get list of my sell orders successful
13:10:30 [OmniEveUI:MySellOrdersUpdated] Clearing existing grid of orders
13:10:30 [OmniEveUI:MySellOrdersUpdated] Filling grid of updated orders
13:10:30 [OmniEveUI:MySellOrdersUpdated] Order Name - Quantity - 30/142 Price - 5399949.27 Station - 60003760 Region - 10000002
13:10:30 [OmniEveUI:MySellOrdersUpdated] Order Name - Quantity - 9/10 Price - 499998.93 Station - 60003760 Region - 10000002
13:10:30 [OmniEveUI:MySellOrdersUpdated] Order Name - Quantity - 27/42 Price - 499527.95 Station - 60003760 Region - 10000002
13:10:30 [OmniEveUI:MySellOrdersUpdated] Order Name - Quantity - 6/11 Price - 4999998.62 Station - 60003760 Region - 10000002
13:10:30 [OmniEveUI:MySellOrdersUpdated] Order Name - Quantity - 176700/1000000 Price - 40.48 Station - 60003760 Region - 10000002
13:10:30 [OmniEveUI:MySellOrdersUpdated] Order Name - Quantity - 85/146 Price - 21944.97 Station - 60003760 Region - 10000002
13:10:30 [OmniEveUI:MySellOrdersUpdated] Order Name - Quantity - 1000000/1000000 Price - 5.52 Station - 60003760 Region - 10000002
13:10:31 [OmniEveUI:MySellOrdersUpdated] Order Name - Quantity - 4616/39444 Price - 34.19 Station - 60003760 Region - 10000002
13:10:31 [OmniEveUI:MySellOrdersUpdated] Order Name - Quantity - 49000/50000 Price - 749.99 Station - 60003760 Region - 10000002
13:10:31 [MyOrders] Get list of my buy orders successful
13:10:31 [OmniEveUI:MyBuyOrdersUpdated] Clearing existing grid of orders
13:10:31 [OmniEveUI:MyBuyOrdersUpdated] Filling grid of updated orders
13:10:31 [OmniEveUI] Order Type - Quantity - 62/100 Price - 100 Station - 60003760 Region - 10000002 Range - Station Min Volume - 1
13:10:31 [OmniEveUI] Order Type - Quantity - 750/1000 Price - 100.05 Station - 60003760 Region - 10000002 Range - Station Min Volume - 1
13:10:31 [OmniEveUI] Order Type - Quantity - 4179/100000 Price - 25.58 Station - 60003760 Region - 10000002 Range - Station Min Volume - 1
13:10:31 [OmniEveUI] Order Type - Quantity - 299999/300000 Price - 18.78 Station - 60003760 Region - 10000002 Range - Station Min Volume - 1
13:10:31 [OmniEveUI] Order Type - Quantity - 999700/1000000 Price - 6.91 Station - 60003760 Region - 10000002 Range - Station Min Volume - 1
13:10:31 [OmniEveUI] Order Type - Quantity - 293737/300000 Price - 35.87 Station - 60003760 Region - 10000002 Range - Station Min Volume - 1
13:10:31 [OmniEveUI] Order Type - Quantity - 460556/500000 Price - 26.81 Station - 60003760 Region - 10000002 Range - Station Min Volume - 1
13:10:31 [OmniEveUI] Order Type - Quantity - 76741/100000 Price - 35.88 Station - 60003760 Region - 10000002 Range - Station Min Volume - 1
13:10:31 [OmniEveUI] Order Type - Quantity - 297045/300000 Price - 19.65 Station - 60003760 Region - 10000002 Range - Station Min Volume - 1
13:10:31 [OmniEveUI] Order Type - Quantity - 984/1000 Price - 301.2 Station - 60003760 Region - 10000002 Range - Station Min Volume - 1
13:10:31 [OmniEveUI] Order Type - Quantity - 90/100 Price - 1006.18 Station - 60003760 Region - 10000002 Range - Station Min Volume - 1
13:10:31 [OmniEveUI] Order Type - Quantity - 885/1000 Price - 1400.09 Station - 60003760 Region - 10000002 Range - Station Min Volume - 1
13:10:31 [OmniEveUI] Order Type - Quantity - 100/100 Price - 2100.64 Station - 60003760 Region - 10000002 Range - Station Min Volume - 1
13:10:31 [OmniEveUI] Order Type - Quantity - 10000/10000 Price - 2102.35 Station - 60003760 Region - 10000002 Range - Station Min Volume - 1
13:10:31 [OmniEveUI] Order Type - Quantity - 10000/10000 Price - 102.94 Station - 60003760 Region - 10000002 Range - Station Min Volume - 1
13:10:31 [OmniEveUI] Order Type - Quantity - 989/1000 Price - 6384.84 Station - 60003760 Region - 10000002 Range - Station Min Volume - 1
13:10:31 [OmniEveUI] Order Type - Quantity - 1988/2000 Price - 1251 Station - 60003760 Region - 10000002 Range - Station Min Volume - 1
13:10:31 [OmniEveUI] Order Type - Quantity - 993/1000 Price - 3197.29 Station - 60003760 Region - 10000002 Range - Station Min Volume - 1
13:10:31 [OmniEveUI] Order Type - Quantity - 398/400 Price - 90000.11 Station - 60003760 Region - 10000002 Range - Station Min Volume - 1
13:10:31 [OmniEveUI] Order Type - Quantity - 7/10 Price - 90000.71 Station - 60003760 Region - 10000002 Range - Station Min Volume - 1
13:10:31 [OmniEveUI] Order Type - Quantity - 1000/1000 Price - 13080.64 Station - 60003760 Region - 10000002 Range - Station Min Volume - 1
13:10:31 [OmniEveUI] Order Type - Quantity - 496900/500000 Price - 35.2 Station - 60003760 Region - 10000002 Range - Station Min Volume - 1
13:10:31 [OmniEveUI] Order Type - Quantity - 1000000/1000000 Price - 65.07 Station - 60003760 Region - 10000002 Range - Station Min Volume - 1
13:10:31 [OmniEveUI] Order Type - Quantity - 3770/5000 Price - 1501.02 Station - 60003760 Region - 10000002 Range - Station Min Volume - 1
13:10:31 [OmniEveUI] Order Type - Quantity - 1000/1000 Price - 1100.56 Station - 60003760 Region - 10000002 Range - Station Min Volume - 1
13:10:31 [OmniEveUI] Order Type - Quantity - 1/10 Price - 515336.02 Station - 60003760 Region - 10000002 Range - Station Min Volume - 1
13:10:31 [OmniEveUI] Order Type - Quantity - 90/100 Price - 2501.01 Station - 60003760 Region - 10000002 Range - Station Min Volume - 1
13:10:31 [OmniEveUI] Order Type - Quantity - 14/20 Price - 118004.24 Station - 60003760 Region - 10000002 Range - Station Min Volume - 1
13:10:31 [OmniEveUI] Order Type - Quantity - 20/20 Price - 1104491.18 Station - 60003760 Region - 10000002 Range - Station Min Volume - 1
13:10:31 [OmniEveUI] Order Type - Quantity - 93/100 Price - 3300.02 Station - 60003760 Region - 10000002 Range - Station Min Volume - 1
13:10:31 [OmniEveUI] Order Type - Quantity - 5/5 Price - 27550416.01 Station - 60003760 Region - 10000002 Range - Station Min Volume - 1
13:10:31 [OmniEveUI] Order Type - Quantity - 49/50 Price - 8515.24 Station - 60003760 Region - 10000002 Range - Station Min Volume - 1
13:10:31 [OmniEveUI] Order Type - Quantity - 100000/100000 Price - 325.82 Station - 60003760 Region - 10000002 Range - Station Min Volume - 1
13:10:31 [OmniEveUI] Order Type - Quantity - 146/150 Price - 620.45 Station - 60003760 Region - 10000002 Range - Station Min Volume - 1
13:10:31 [OmniEveUI] Order Type - Quantity - 97/100 Price - 130000.34 Station - 60003760 Region - 10000002 Range - Station Min Volume - 1
13:10:32 [OmniEveUI] Order Type - Quantity - 22/25 Price - 100000.42 Station - 60003760 Region - 10000002 Range - Station Min Volume - 1
13:10:32 [OmniEveUI] Order Type - Quantity - 10/10 Price - 210027.05 Station - 60003760 Region - 10000002 Range - Station Min Volume - 1
13:10:32 [OmniEveUI] Order Type - Quantity - 100/100 Price - 1001.02 Station - 60003760 Region - 10000002 Range - Station Min Volume - 1
13:10:32 [OmniEveUI] Order Type - Quantity - 99/100 Price - 50010.1 Station - 60003760 Region - 10000002 Range - Station Min Volume - 1
13:10:32 [OmniEveUI] Order Type - Quantity - 8/10 Price - 130008.02 Station - 60003760 Region - 10000002 Range - Station Min Volume - 1
13:10:32 [OmniEveUI] Order Type - Quantity - 10/10 Price - 500000.01 Station - 60003760 Region - 10000002 Range - Station Min Volume - 1
13:10:32 [OmniEveUI] Order Type - Quantity - 20/20 Price - 304106.25 Station - 60003760 Region - 10000002 Range - Station Min Volume - 1
13:10:32 [OmniEveUI] Order Type - Quantity - 1/1 Price - 290000000.01 Station - 60003760 Region - 10000002 Range - Station Min Volume - 1
13:10:32 [OmniEveUI] Order Type - Quantity - 5/10 Price - 2810007.68 Station - 60003760 Region - 10000002 Range - Station Min Volume - 1
13:10:32 [OmniEveUI] Order Type - Quantity - 4/5 Price - 17201067.27 Station - 60003760 Region - 10000002 Range - Station Min Volume - 1
13:10:32 [OmniEveUI] Order Type - Quantity - 9/10 Price - 1824190.16 Station - 60003760 Region - 10000002 Range - Station Min Volume - 1
13:10:32 [OmniEveUI] Order Type - Quantity - 5/5 Price - 36000000.27 Station - 60003760 Region - 10000002 Range - Station Min Volume - 1
13:10:32 [OmniEveUI] Order Type - Quantity - 6/10 Price - 5600177.91 Station - 60003760 Region - 10000002 Range - Station Min Volume - 1
13:10:32 [OmniEveUI] Order Type - Quantity - 17/20 Price - 200002.82 Station - 60003760 Region - 10000002 Range - Station Min Volume - 1
13:10:32 [OmniEve] OnFrame: Current action is done, going back to idle state
13:10:34 [OmniEve] OnFrame: Popping next action off the queue
13:10:35 [OmniEve] OnFrame: Initializing current action
13:10:36 [MarketItemInfo] Market already open no need to open the market
13:10:38 [MarketItemInfo] Load orders for TypeId - 3265
13:10:40 [MarketItemInfo] Get list of orders for Item - 3265
13:10:40 [MarketItemInfo] Get list of orders successful
13:10:41 [OmniEveUI:MarketInfoFinished] Row has been found, adding markinfo to row
13:10:41 [OmniEve] OnFrame: Current action is done, going back to idle state
13:10:43 [OmniEve] OnFrame: Popping next action off the queue
13:10:43 [OmniEve] OnFrame: Initializing current action
13:10:45 [MarketItemInfo] Market already open no need to open the market
13:10:46 [MarketItemInfo] Load orders for TypeId - 27079
13:10:49 [MarketItemInfo] Get list of orders for Item - 27079
13:10:49 [MarketItemInfo] Get list of orders successful
13:10:50 [OmniEveUI:MarketInfoFinished] Row has been found, adding markinfo to row
13:10:50 [OmniEve] OnFrame: Current action is done, going back to idle state
13:10:52 [OmniEve] OnFrame: Popping next action off the queue
13:10:53 [OmniEve] OnFrame: Initializing current action
13:10:54 [MarketItemInfo] Market already open no need to open the market
13:10:56 [MarketItemInfo] Load orders for TypeId - 31300
13:10:59 [MarketItemInfo] Get list of orders for Item - 31300
13:10:59 [MarketItemInfo] Get list of orders successful
13:11:00 [OmniEveUI:MarketInfoFinished] Row has been found, adding markinfo to row
13:11:00 [OmniEve] OnFrame: Current action is done, going back to idle state
13:11:01 [OmniEve] OnFrame: Popping next action off the queue
13:11:02 [OmniEve] OnFrame: Initializing current action
13:11:03 [MarketItemInfo] Market already open no need to open the market
13:11:05 [MarketItemInfo] Load orders for TypeId - 11450
13:11:07 [MarketItemInfo] Get list of orders for Item - 11450
13:11:07 [MarketItemInfo] Get list of orders successful
13:11:08 [OmniEveUI:MarketInfoFinished] Row has been found, adding markinfo to row
13:11:08 [OmniEve] OnFrame: Current action is done, going back to idle state
13:11:10 [OmniEve] OnFrame: Popping next action off the queue
13:11:11 [OmniEve] OnFrame: Initializing current action
13:11:12 [MarketItemInfo] Market already open no need to open the market
13:11:14 [MarketItemInfo] Load orders for TypeId - 12633
13:11:17 [MarketItemInfo] Get list of orders for Item - 12633
13:11:17 [MarketItemInfo] Get list of orders successful
13:11:18 [OmniEveUI:MarketInfoFinished] Row has been found, adding markinfo to row
13:11:18 [OmniEve] OnFrame: Current action is done, going back to idle state
13:11:20 [OmniEve] OnFrame: Popping next action off the queue
13:11:21 [OmniEve] OnFrame: Initializing current action
13:11:22 [MarketItemInfo] Market already open no need to open the market
13:11:24 [MarketItemInfo] Load orders for TypeId - 5365
13:11:26 [MarketItemInfo] Get list of orders for Item - 5365
13:11:26 [MarketItemInfo] Get list of orders successful
13:11:27 [OmniEveUI:MarketInfoFinished] Row has been found, adding markinfo to row
13:11:27 [OmniEve] OnFrame: Current action is done, going back to idle state
13:11:28 [OmniEve] OnFrame: Popping next action off the queue
13:11:29 [OmniEve] OnFrame: Initializing current action
13:11:30 [MarketItemInfo] Market already open no need to open the market
13:11:33 [MarketItemInfo] Load orders for TypeId - 2306
13:11:36 [MarketItemInfo] Get list of orders for Item - 2306
13:11:36 [MarketItemInfo] Get list of orders successful
13:11:36 [OmniEveUI:MarketInfoFinished] Row has been found, adding markinfo to row
13:11:36 [OmniEve] OnFrame: Current action is done, going back to idle state
13:11:38 [OmniEve] OnFrame: Popping next action off the queue
13:11:39 [OmniEve] OnFrame: Initializing current action
13:11:40 [MarketItemInfo] Market already open no need to open the market
13:11:42 [MarketItemInfo] Load orders for TypeId - 24471
13:11:44 [MarketItemInfo] Get list of orders for Item - 24471
13:11:44 [MarketItemInfo] Get list of orders successful
13:11:45 [OmniEveUI:MarketInfoFinished] Row has been found, adding markinfo to row
13:11:45 [OmniEve] OnFrame: Current action is done, going back to idle state
13:11:47 [OmniEve] OnFrame: Popping next action off the queue
13:11:48 [OmniEve] OnFrame: Initializing current action
13:11:49 [MarketItemInfo] Market already open no need to open the market
13:11:51 [MarketItemInfo] Load orders for TypeId - 22971
13:11:53 [MarketItemInfo] Get list of orders for Item - 22971
13:11:53 [MarketItemInfo] Get list of orders successful
13:11:54 [OmniEveUI:MarketInfoFinished] Row has been found, adding markinfo to row
13:11:54 [OmniEve] OnFrame: Current action is done, going back to idle state
13:11:56 [OmniEve] OnFrame: Popping next action off the queue
13:11:57 [OmniEve] OnFrame: Initializing current action
13:11:58 [MarketItemInfo] Market already open no need to open the market
13:12:00 [MarketItemInfo] Load orders for TypeId - 31574
13:12:03 [MarketItemInfo] Get list of orders for Item - 31574
13:12:03 [MarketItemInfo] Get list of orders successful
13:12:04 [OmniEveUI:MarketInfoFinished] Row has been found, adding markinfo to row
13:12:04 [OmniEve] OnFrame: Current action is done, going back to idle state
13:12:06 [OmniEve] OnFrame: Popping next action off the queue
13:12:07 [OmniEve] OnFrame: Initializing current action
13:12:08 [MarketItemInfo] Market already open no need to open the market
13:12:10 [MarketItemInfo] Load orders for TypeId - 5365
13:12:12 [MarketItemInfo] Get list of orders for Item - 5365
13:12:12 [MarketItemInfo] Get list of orders successful
13:12:14 [OmniEveUI:MarketInfoFinished] Row has been found, adding markinfo to row
13:12:14 [OmniEve] OnFrame: Current action is done, going back to idle state
13:12:15 [OmniEve] OnFrame: Popping next action off the queue
13:12:16 [OmniEve] OnFrame: Initializing current action
13:12:17 [MarketItemInfo] Market already open no need to open the market
13:12:19 [MarketItemInfo] Load orders for TypeId - 12633
13:12:21 [MarketItemInfo] Get list of orders for Item - 12633
13:12:21 [MarketItemInfo] Get list of orders successful
13:12:22 [OmniEveUI:MarketInfoFinished] Row has been found, adding markinfo to row
13:12:22 [OmniEve] OnFrame: Current action is done, going back to idle state
13:12:24 [OmniEve] OnFrame: Popping next action off the queue
13:12:25 [OmniEve] OnFrame: Initializing current action
13:12:26 [MarketItemInfo] Market already open no need to open the market
13:12:28 [MarketItemInfo] Load orders for TypeId - 24477
13:12:31 [MarketItemInfo] Get list of orders for Item - 24477
13:12:31 [MarketItemInfo] Get list of orders successful
13:12:32 [OmniEveUI:MarketInfoFinished] Row has been found, adding markinfo to row
13:12:32 [OmniEve] OnFrame: Current action is done, going back to idle state
13:12:34 [OmniEve] OnFrame: Popping next action off the queue
13:12:35 [OmniEve] OnFrame: Initializing current action
13:12:36 [MarketItemInfo] Market already open no need to open the market
13:12:38 [MarketItemInfo] Load orders for TypeId - 233
13:12:40 [MarketItemInfo] Get list of orders for Item - 233
13:12:40 [MarketItemInfo] Get list of orders successful
13:12:41 [OmniEveUI:MarketInfoFinished] Row has been found, adding markinfo to row
13:12:41 [OmniEve] OnFrame: Current action is done, going back to idle state
13:12:43 [OmniEve] OnFrame: Popping next action off the queue
13:12:44 [OmniEve] OnFrame: Initializing current action
13:12:45 [MarketItemInfo] Market already open no need to open the market
13:12:47 [MarketItemInfo] Load orders for TypeId - 24503
13:12:50 [MarketItemInfo] Get list of orders for Item - 24503
13:12:50 [MarketItemInfo] Get list of orders successful
13:12:51 [OmniEveUI:MarketInfoFinished] Row has been found, adding markinfo to row
13:12:51 [OmniEve] OnFrame: Current action is done, going back to idle state
13:12:53 [OmniEve] OnFrame: Popping next action off the queue
13:12:54 [OmniEve] OnFrame: Initializing current action
13:12:55 [MarketItemInfo] Market already open no need to open the market
13:12:57 [MarketItemInfo] Load orders for TypeId - 24471
13:13:00 [MarketItemInfo] Get list of orders for Item - 24471
13:13:00 [MarketItemInfo] Get list of orders successful
13:13:01 [OmniEveUI:MarketInfoFinished] Row has been found, adding markinfo to row
13:13:01 [OmniEve] OnFrame: Current action is done, going back to idle state
13:13:03 [OmniEve] OnFrame: Popping next action off the queue
13:13:04 [OmniEve] OnFrame: Initializing current action
13:13:05 [MarketItemInfo] Market already open no need to open the market
13:13:07 [MarketItemInfo] Load orders for TypeId - 2647
13:13:09 [MarketItemInfo] Get list of orders for Item - 2647
13:13:09 [MarketItemInfo] Get list of orders successful
13:13:10 [OmniEveUI:MarketInfoFinished] Row has been found, adding markinfo to row
13:13:10 [OmniEve] OnFrame: Current action is done, going back to idle state
13:13:12 [OmniEve] OnFrame: Popping next action off the queue
13:13:12 [OmniEve] OnFrame: Initializing current action
13:13:13 [MarketItemInfo] Market already open no need to open the market
13:13:15 [MarketItemInfo] Load orders for TypeId - 24478
13:13:18 [MarketItemInfo] Get list of orders for Item - 24478
13:13:18 [MarketItemInfo] Get list of orders successful
13:13:19 [OmniEveUI:MarketInfoFinished] Row has been found, adding markinfo to row
13:13:19 [OmniEve] OnFrame: Current action is done, going back to idle state
13:13:21 [OmniEve] OnFrame: Popping next action off the queue
13:13:22 [OmniEve] OnFrame: Initializing current action
13:13:23 [MarketItemInfo] Market already open no need to open the market
13:13:25 [MarketItemInfo] Load orders for TypeId - 31238
13:13:28 [MarketItemInfo] Get list of orders for Item - 31238
13:13:28 [MarketItemInfo] Get list of orders successful
13:13:29 [OmniEveUI:MarketInfoFinished] Row has been found, adding markinfo to row
13:13:29 [OmniEve] OnFrame: Current action is done, going back to idle state
13:13:31 [OmniEve] OnFrame: Popping next action off the queue
13:13:32 [OmniEve] OnFrame: Initializing current action
13:13:32 [MarketItemInfo] Market already open no need to open the market
13:13:34 [MarketItemInfo] Load orders for TypeId - 3435
13:13:36 [MarketItemInfo] Get list of orders for Item - 3435
13:13:36 [MarketItemInfo] Get list of orders successful
13:13:37 [OmniEveUI:MarketInfoFinished] Row has been found, adding markinfo to row
13:13:37 [OmniEve] OnFrame: Current action is done, going back to idle state
13:13:39 [OmniEve] OnFrame: Popping next action off the queue
13:13:40 [OmniEve] OnFrame: Initializing current action
13:13:41 [MarketItemInfo] Market already open no need to open the market
13:13:43 [MarketItemInfo] Load orders for TypeId - 17366
13:13:45 [MarketItemInfo] Get list of orders for Item - 17366
13:13:45 [MarketItemInfo] Get list of orders successful
13:13:46 [OmniEveUI:MarketInfoFinished] Row has been found, adding markinfo to row
13:13:46 [OmniEve] OnFrame: Current action is done, going back to idle state
13:13:48 [OmniEve] OnFrame: Popping next action off the queue
13:13:49 [OmniEve] OnFrame: Initializing current action
13:13:50 [MarketItemInfo] Market already open no need to open the market
13:13:52 [MarketItemInfo] Load orders for TypeId - 3451
13:13:55 [MarketItemInfo] Get list of orders for Item - 3451
13:13:55 [MarketItemInfo] Get list of orders successful
13:13:56 [OmniEveUI:MarketInfoFinished] Row has been found, adding markinfo to row
13:13:56 [OmniEve] OnFrame: Current action is done, going back to idle state
13:13:58 [OmniEve] OnFrame: Popping next action off the queue
13:13:59 [OmniEve] OnFrame: Initializing current action
13:14:00 [MarketItemInfo] Market already open no need to open the market
13:14:02 [MarketItemInfo] Load orders for TypeId - 28701
13:14:05 [MarketItemInfo] Get list of orders for Item - 28701
13:14:05 [MarketItemInfo] Get list of orders successful
13:14:06 [OmniEveUI:MarketInfoFinished] Row has been found, adding markinfo to row
13:14:06 [OmniEve] OnFrame: Current action is done, going back to idle state
13:14:07 [OmniEve] OnFrame: Popping next action off the queue
13:14:08 [OmniEve] OnFrame: Initializing current action
13:14:09 [MarketItemInfo] Market already open no need to open the market
13:14:11 [MarketItemInfo] Load orders for TypeId - 19976
13:14:14 [MarketItemInfo] Get list of orders for Item - 19976
13:14:14 [MarketItemInfo] Get list of orders successful
13:14:15 [OmniEveUI:MarketInfoFinished] Row has been found, adding markinfo to row
13:14:15 [OmniEve] OnFrame: Current action is done, going back to idle state
13:14:17 [OmniEve] OnFrame: Popping next action off the queue
13:14:18 [OmniEve] OnFrame: Initializing current action
13:14:19 [MarketItemInfo] Market already open no need to open the market
13:14:21 [MarketItemInfo] Load orders for TypeId - 393
13:14:23 [MarketItemInfo] Get list of orders for Item - 393
13:14:23 [MarketItemInfo] Get list of orders successful
13:14:24 [OmniEveUI:MarketInfoFinished] Row has been found, adding markinfo to row
13:14:24 [OmniEve] OnFrame: Current action is done, going back to idle state
13:14:26 [OmniEve] OnFrame: Popping next action off the queue
13:14:26 [OmniEve] OnFrame: Initializing current action
13:14:27 [MarketItemInfo] Market already open no need to open the market
13:14:29 [MarketItemInfo] Load orders for TypeId - 3566
13:14:32 [MarketItemInfo] Get list of orders for Item - 3566
13:14:32 [MarketItemInfo] Get list of orders successful
13:14:33 [OmniEveUI:MarketInfoFinished] Row has been found, adding markinfo to row
13:14:33 [OmniEve] OnFrame: Current action is done, going back to idle state
13:14:35 [OmniEve] OnFrame: Popping next action off the queue
13:14:36 [OmniEve] OnFrame: Initializing current action
13:14:37 [MarketItemInfo] Market already open no need to open the market
13:14:39 [MarketItemInfo] Load orders for TypeId - 1182
13:14:41 [MarketItemInfo] Get list of orders for Item - 1182
13:14:41 [MarketItemInfo] Get list of orders successful
13:14:42 [OmniEveUI:MarketInfoFinished] Row has been found, adding markinfo to row
13:14:42 [OmniEve] OnFrame: Current action is done, going back to idle state
13:14:44 [OmniEve] OnFrame: Popping next action off the queue
13:14:45 [OmniEve] OnFrame: Initializing current action
13:14:46 [MarketItemInfo] Market already open no need to open the market
13:14:48 [MarketItemInfo] Load orders for TypeId - 11014
13:14:50 [MarketItemInfo] Get list of orders for Item - 11014
13:14:50 [MarketItemInfo] Get list of orders successful
13:14:51 [OmniEveUI:MarketInfoFinished] Row has been found, adding markinfo to row
13:14:51 [OmniEve] OnFrame: Current action is done, going back to idle state
13:14:53 [OmniEve] OnFrame: Popping next action off the queue
13:14:54 [OmniEve] OnFrame: Initializing current action
13:14:55 [MarketItemInfo] Market already open no need to open the market
13:14:57 [MarketItemInfo] Load orders for TypeId - 12182
13:15:00 [MarketItemInfo] Get list of orders for Item - 12182
13:15:00 [MarketItemInfo] Get list of orders successful
13:15:01 [OmniEveUI:MarketInfoFinished] Row has been found, adding markinfo to row
13:15:01 [OmniEve] OnFrame: Current action is done, going back to idle state
13:15:02 [OmniEve] OnFrame: Popping next action off the queue
13:15:03 [OmniEve] OnFrame: Initializing current action
13:15:05 [MarketItemInfo] Market already open no need to open the market
13:15:07 [MarketItemInfo] Load orders for TypeId - 29620
13:15:09 [MarketItemInfo] Get list of orders for Item - 29620
13:15:09 [MarketItemInfo] Get list of orders successful
13:15:10 [OmniEveUI:MarketInfoFinished] Row has been found, adding markinfo to row
13:15:10 [OmniEve] OnFrame: Current action is done, going back to idle state
13:15:12 [OmniEve] OnFrame: Popping next action off the queue
13:15:13 [OmniEve] OnFrame: Initializing current action
13:15:14 [MarketItemInfo] Market already open no need to open the market
13:15:16 [MarketItemInfo] Load orders for TypeId - 24473
13:15:18 [MarketItemInfo] Get list of orders for Item - 24473
13:15:18 [MarketItemInfo] Get list of orders successful
13:15:19 [OmniEveUI:MarketInfoFinished] Row has been found, adding markinfo to row
13:15:19 [OmniEve] OnFrame: Current action is done, going back to idle state
13:15:21 [OmniEve] OnFrame: Popping next action off the queue
13:15:22 [OmniEve] OnFrame: Initializing current action
13:15:23 [MarketItemInfo] Market already open no need to open the market
13:15:25 [MarketItemInfo] Load orders for TypeId - 16633
13:15:27 [MarketItemInfo] Get list of orders for Item - 16633
13:15:27 [MarketItemInfo] Get list of orders successful
13:15:28 [OmniEveUI:MarketInfoFinished] Row has been found, adding markinfo to row
13:15:28 [OmniEve] OnFrame: Current action is done, going back to idle state
13:15:30 [OmniEve] OnFrame: Popping next action off the queue
13:15:31 [OmniEve] OnFrame: Initializing current action
13:15:32 [MarketItemInfo] Market already open no need to open the market
13:15:34 [MarketItemInfo] Load orders for TypeId - 25611
13:15:36 [MarketItemInfo] Get list of orders for Item - 25611
13:15:36 [MarketItemInfo] Get list of orders successful
13:15:37 [OmniEveUI:MarketInfoFinished] Row has been found, adding markinfo to row
13:15:37 [OmniEve] OnFrame: Current action is done, going back to idle state
13:15:39 [OmniEve] OnFrame: Popping next action off the queue
13:15:40 [OmniEve] OnFrame: Initializing current action
13:15:41 [MarketItemInfo] Market already open no need to open the market
13:15:43 [MarketItemInfo] Load orders for TypeId - 23659
13:15:45 [MarketItemInfo] Get list of orders for Item - 23659
13:15:45 [MarketItemInfo] Get list of orders successful
13:15:46 [OmniEveUI:MarketInfoFinished] Row has been found, adding markinfo to row
13:15:46 [OmniEve] OnFrame: Current action is done, going back to idle state
13:15:48 [OmniEve] OnFrame: Popping next action off the queue
13:15:49 [OmniEve] OnFrame: Initializing current action
13:15:50 [MarketItemInfo] Market already open no need to open the market
13:15:52 [MarketItemInfo] Load orders for TypeId - 16527
13:15:55 [MarketItemInfo] Get list of orders for Item - 16527
13:15:55 [MarketItemInfo] Get list of orders successful
13:15:56 [OmniEveUI:MarketInfoFinished] Row has been found, adding markinfo to row
13:15:56 [OmniEve] OnFrame: Current action is done, going back to idle state
13:15:58 [OmniEve] OnFrame: Popping next action off the queue
13:15:59 [OmniEve] OnFrame: Initializing current action
13:16:00 [MarketItemInfo] Market already open no need to open the market
13:16:02 [MarketItemInfo] Load orders for TypeId - 23727
13:16:04 [MarketItemInfo] Get list of orders for Item - 23727
13:16:05 [MarketItemInfo] Get list of orders successful
13:16:05 [OmniEveUI:MarketInfoFinished] Row has been found, adding markinfo to row
13:16:05 [OmniEve] OnFrame: Current action is done, going back to idle state
13:16:07 [OmniEve] OnFrame: Popping next action off the queue
13:16:08 [OmniEve] OnFrame: Initializing current action
13:16:09 [MarketItemInfo] Market already open no need to open the market
13:16:11 [MarketItemInfo] Load orders for TypeId - 20409
13:16:14 [MarketItemInfo] Get list of orders for Item - 20409
13:16:14 [MarketItemInfo] Get list of orders successful
13:16:15 [OmniEveUI:MarketInfoFinished] Row has been found, adding markinfo to row
13:16:15 [OmniEve] OnFrame: Current action is done, going back to idle state
13:16:17 [OmniEve] OnFrame: Popping next action off the queue
13:16:18 [OmniEve] OnFrame: Initializing current action
13:16:19 [MarketItemInfo] Market already open no need to open the market
13:16:21 [MarketItemInfo] Load orders for TypeId - 4264
13:16:24 [MarketItemInfo] Get list of orders for Item - 4264
13:16:24 [MarketItemInfo] Get list of orders successful
13:16:25 [OmniEveUI:MarketInfoFinished] Row has been found, adding markinfo to row
13:16:25 [OmniEve] OnFrame: Current action is done, going back to idle state
13:16:27 [OmniEve] OnFrame: Popping next action off the queue
13:16:28 [OmniEve] OnFrame: Initializing current action
13:16:29 [MarketItemInfo] Market already open no need to open the market
13:16:31 [MarketItemInfo] Load orders for TypeId - 1246
13:16:34 [MarketItemInfo] Get list of orders for Item - 1246
13:16:34 [MarketItemInfo] Get list of orders successful
13:16:35 [OmniEveUI:MarketInfoFinished] Row has been found, adding markinfo to row
13:16:35 [OmniEve] OnFrame: Current action is done, going back to idle state
13:16:37 [OmniEve] OnFrame: Popping next action off the queue
13:16:38 [OmniEve] OnFrame: Initializing current action
13:16:39 [MarketItemInfo] Market already open no need to open the market
13:16:41 [MarketItemInfo] Load orders for TypeId - 3616
13:16:44 [MarketItemInfo] Get list of orders for Item - 3616
13:16:44 [MarketItemInfo] Get list of orders successful
13:16:45 [OmniEveUI:MarketInfoFinished] Row has been found, adding markinfo to row
13:16:45 [OmniEve] OnFrame: Current action is done, going back to idle state
13:16:46 [OmniEve] OnFrame: Popping next action off the queue
13:16:47 [OmniEve] OnFrame: Initializing current action
13:16:48 [MarketItemInfo] Market already open no need to open the market
13:16:50 [MarketItemInfo] Load orders for TypeId - 21855
13:16:53 [MarketItemInfo] Get list of orders for Item - 21855
13:16:53 [MarketItemInfo] Get list of orders successful
13:16:54 [OmniEveUI:MarketInfoFinished] Row has been found, adding markinfo to row
13:16:54 [OmniEve] OnFrame: Current action is done, going back to idle state
13:16:56 [OmniEve] OnFrame: Popping next action off the queue
13:16:57 [OmniEve] OnFrame: Initializing current action
13:16:58 [MarketItemInfo] Market already open no need to open the market
13:17:00 [MarketItemInfo] Load orders for TypeId - 23021
13:17:03 [MarketItemInfo] Get list of orders for Item - 23021
13:17:03 [MarketItemInfo] Get list of orders successful
13:17:04 [OmniEveUI:MarketInfoFinished] Row has been found, adding markinfo to row
13:17:04 [OmniEve] OnFrame: Current action is done, going back to idle state
13:17:06 [OmniEve] OnFrame: Popping next action off the queue
13:17:07 [OmniEve] OnFrame: Initializing current action
13:17:08 [MarketItemInfo] Market already open no need to open the market
13:17:10 [MarketItemInfo] Load orders for TypeId - 12546
13:17:12 [MarketItemInfo] Get list of orders for Item - 12546
13:17:12 [MarketItemInfo] Get list of orders successful
13:17:13 [OmniEveUI:MarketInfoFinished] Row has been found, adding markinfo to row
13:17:13 [OmniEve] OnFrame: Current action is done, going back to idle state
13:17:14 [OmniEve] OnFrame: Popping next action off the queue
13:17:15 [OmniEve] OnFrame: Initializing current action
13:17:16 [MarketItemInfo] Market already open no need to open the market
13:17:18 [MarketItemInfo] Load orders for TypeId - 458
13:17:21 [MarketItemInfo] Get list of orders for Item - 458
13:17:21 [MarketItemInfo] Get list of orders successful
13:17:22 [OmniEveUI:MarketInfoFinished] Row has been found, adding markinfo to row
13:17:22 [OmniEve] OnFrame: Current action is done, going back to idle state
13:17:24 [OmniEve] OnFrame: Popping next action off the queue
13:17:25 [OmniEve] OnFrame: Initializing current action
13:17:26 [MarketItemInfo] Market already open no need to open the market
13:17:28 [MarketItemInfo] Load orders for TypeId - 18025
13:17:30 [MarketItemInfo] Get list of orders for Item - 18025
13:17:30 [MarketItemInfo] Get list of orders successful
13:17:31 [OmniEveUI:MarketInfoFinished] Row has been found, adding markinfo to row
13:17:31 [OmniEve] OnFrame: Current action is done, going back to idle state
13:17:33 [OmniEve] OnFrame: Popping next action off the queue
13:17:34 [OmniEve] OnFrame: Initializing current action
13:17:35 [MarketItemInfo] Market already open no need to open the market
13:17:37 [MarketItemInfo] Load orders for TypeId - 20405
13:17:40 [MarketItemInfo] Get list of orders for Item - 20405
13:17:40 [MarketItemInfo] Get list of orders successful
13:17:41 [OmniEveUI:MarketInfoFinished] Row has been found, adding markinfo to row
13:17:41 [OmniEve] OnFrame: Current action is done, going back to idle state
13:17:43 [OmniEve] OnFrame: Popping next action off the queue
13:17:44 [OmniEve] OnFrame: Initializing current action
13:17:45 [MarketItemInfo] Market already open no need to open the market
13:17:46 [MarketItemInfo] Load orders for TypeId - 25978
13:17:49 [MarketItemInfo] Get list of orders for Item - 25978
13:17:49 [MarketItemInfo] Get list of orders successful
13:17:50 [OmniEveUI:MarketInfoFinished] Row has been found, adding markinfo to row
13:17:50 [OmniEve] OnFrame: Current action is done, going back to idle state
13:17:52 [OmniEve] OnFrame: Popping next action off the queue
13:17:53 [OmniEve] OnFrame: Initializing current action
13:17:54 [MarketItemInfo] Market already open no need to open the market
13:17:56 [MarketItemInfo] Load orders for TypeId - 3538
13:17:58 [MarketItemInfo] Get list of orders for Item - 3538
13:17:58 [MarketItemInfo] Get list of orders successful
13:17:59 [OmniEveUI:MarketInfoFinished] Row has been found, adding markinfo to row
13:17:59 [OmniEve] OnFrame: Current action is done, going back to idle state
13:18:01 [OmniEve] OnFrame: Popping next action off the queue
13:18:02 [OmniEve] OnFrame: Initializing current action
13:18:03 [MarketItemInfo] Market already open no need to open the market
13:18:05 [MarketItemInfo] Load orders for TypeId - 25980
13:18:07 [MarketItemInfo] Get list of orders for Item - 25980
13:18:07 [MarketItemInfo] Get list of orders successful
13:18:08 [OmniEveUI:MarketInfoFinished] Row has been found, adding markinfo to row
13:18:08 [OmniEve] OnFrame: Current action is done, going back to idle state
13:18:10 [OmniEve] OnFrame: Popping next action off the queue
13:18:11 [OmniEve] OnFrame: Initializing current action
13:18:12 [MarketItemInfo] Market already open no need to open the market
13:18:13 [MarketItemInfo] Load orders for TypeId - 26070
13:18:16 [MarketItemInfo] Get list of orders for Item - 26070
13:18:16 [MarketItemInfo] Get list of orders successful
13:18:17 [OmniEveUI:MarketInfoFinished] Row has been found, adding markinfo to row
13:18:17 [OmniEve] OnFrame: Current action is done, going back to idle state
13:18:19 [OmniEve] OnFrame: Popping next action off the queue
13:18:20 [OmniEve] OnFrame: Initializing current action
13:18:21 [MarketItemInfo] Market already open no need to open the market
13:18:23 [MarketItemInfo] Load orders for TypeId - 31264
13:18:26 [MarketItemInfo] Get list of orders for Item - 31264
13:18:26 [MarketItemInfo] Get list of orders successful
13:18:27 [OmniEveUI:MarketInfoFinished] Row has been found, adding markinfo to row
13:18:27 [OmniEve] OnFrame: Current action is done, going back to idle state
13:18:29 [OmniEve] OnFrame: Popping next action off the queue
13:18:30 [OmniEve] OnFrame: Initializing current action
13:18:31 [MarketItemInfo] Market already open no need to open the market
13:18:33 [MarketItemInfo] Load orders for TypeId - 34489
13:18:35 [MarketItemInfo] Get list of orders for Item - 34489
13:18:35 [MarketItemInfo] Get list of orders successful
13:18:36 [OmniEveUI:MarketInfoFinished] Row has been found, adding markinfo to row
13:18:36 [OmniEve] OnFrame: Current action is done, going back to idle state
13:18:38 [OmniEve] OnFrame: Popping next action off the queue
13:18:39 [OmniEve] OnFrame: Initializing current action
13:18:40 [MarketItemInfo] Market already open no need to open the market
13:18:41 [MarketItemInfo] Load orders for TypeId - 19260
13:18:44 [MarketItemInfo] Get list of orders for Item - 19260
13:18:44 [MarketItemInfo] Get list of orders successful
13:18:45 [OmniEveUI:MarketInfoFinished] Row has been found, adding markinfo to row
13:18:45 [OmniEve] OnFrame: Current action is done, going back to idle state
13:18:47 [OmniEve] OnFrame: Popping next action off the queue
13:18:48 [OmniEve] OnFrame: Initializing current action
13:18:49 [MarketItemInfo] Market already open no need to open the market
13:18:51 [MarketItemInfo] Load orders for TypeId - 14112
13:18:53 [MarketItemInfo] Get list of orders for Item - 14112
13:18:53 [MarketItemInfo] Get list of orders successful
13:18:54 [OmniEveUI:MarketInfoFinished] Row has been found, adding markinfo to row
13:18:54 [OmniEve] OnFrame: Current action is done, going back to idle state
13:18:56 [OmniEve] OnFrame: Popping next action off the queue
13:18:57 [OmniEve] OnFrame: Initializing current action
13:18:58 [MarketItemInfo] Market already open no need to open the market
13:19:00 [MarketItemInfo] Load orders for TypeId - 31244
13:19:03 [MarketItemInfo] Get list of orders for Item - 31244
13:19:03 [MarketItemInfo] Get list of orders successful
13:19:04 [OmniEveUI:MarketInfoFinished] Row has been found, adding markinfo to row
13:19:04 [OmniEve] OnFrame: Current action is done, going back to idle state
13:19:06 [OmniEve] OnFrame: Popping next action off the queue
13:19:07 [OmniEve] OnFrame: Initializing current action
13:19:08 [MarketItemInfo] Market already open no need to open the market
13:19:10 [MarketItemInfo] Load orders for TypeId - 30086
13:19:12 [MarketItemInfo] Get list of orders for Item - 30086
13:19:12 [MarketItemInfo] Get list of orders successful
13:19:13 [OmniEveUI:MarketInfoFinished] Row has been found, adding markinfo to row
13:19:13 [OmniEve] OnFrame: Current action is done, going back to idle state
13:19:15 [OmniEve] OnFrame: Popping next action off the queue
13:19:16 [OmniEve] OnFrame: Initializing current action
13:19:16 [MarketItemInfo] Market already open no need to open the market
13:19:18 [MarketItemInfo] Load orders for TypeId - 14001
13:19:21 [MarketItemInfo] Get list of orders for Item - 14001
13:19:21 [MarketItemInfo] Get list of orders successful
13:19:22 [OmniEveUI:MarketInfoFinished] Row has been found, adding markinfo to row
13:19:22 [OmniEve] OnFrame: Current action is done, going back to idle state
13:19:24 [OmniEve] OnFrame: Popping next action off the queue
13:19:25 [OmniEve] OnFrame: Initializing current action
13:19:26 [MarketItemInfo] Market already open no need to open the market
13:19:28 [MarketItemInfo] Load orders for TypeId - 13262
13:19:31 [MarketItemInfo] Get list of orders for Item - 13262
13:19:31 [MarketItemInfo] Get list of orders successful
13:19:32 [OmniEveUI:MarketInfoFinished] Row has been found, adding markinfo to row
13:19:32 [OmniEve] OnFrame: Current action is done, going back to idle state
13:20:19 [Modifying Orders] Modifying sell and buy orders
13:20:19 [ModifySellOrders] Getting cached sell orders
13:20:19 [ModifySellOrders] Getting order with OrderId - 4169670971
13:20:19 [ModifySellOrders] Getting order with OrderId - 4170854726
13:20:19 [ModifySellOrders] Getting order with OrderId - 4170858025
13:20:19 [ModifySellOrders] Modifying order with OrderId - 4170858025 OldPrice - 499527.95 MarketPrice - 499527.94 NewPrice - 499527.93
13:20:19 [ModifySellOrders] Getting order with OrderId - 4171433475
13:20:19 [ModifySellOrders] Getting order with OrderId - 4171436801
13:20:19 [ModifySellOrders] Getting order with OrderId - 4175264642
13:20:19 [ModifySellOrders] Modifying order with OrderId - 4175264642 OldPrice - 21944.97 MarketPrice - 21944.96 NewPrice - 21944.95
13:20:19 [ModifySellOrders] Getting order with OrderId - 4176101383
13:20:19 [ModifySellOrders] Getting order with OrderId - 4176110143
13:20:19 [ModifySellOrders] Getting order with OrderId - 4177270948
13:20:19 [ModifyBuyOrders] Getting cached buy orders
13:20:19 [ModifyBuyOrders] Getting order with OrderId - 4175270325
13:20:19 [ModifyBuyOrders] Getting order with OrderId - 4175271790
13:20:19 [ModifyBuyOrders] Getting order with OrderId - 4175277738
13:20:19 [ModifyBuyOrders] Getting order with OrderId - 4175290710
13:20:19 [ModifyBuyOrders] Modifying order with OrderId - 4175290710 OldPrice - 18.78 MarketPrice - 18.9 NewPrice - 18.91
13:20:19 [ModifyBuyOrders] Getting order with OrderId - 4175296163
13:20:19 [ModifyBuyOrders] Modifying order with OrderId - 4175296163 OldPrice - 35.87 MarketPrice - 35.93 NewPrice - 35.94
13:20:19 [ModifyBuyOrders] Getting order with OrderId - 4175298608
13:20:19 [ModifyBuyOrders] Modifying order with OrderId - 4175298608 OldPrice - 26.81 MarketPrice - 27.32 NewPrice - 27.33
13:20:19 [ModifyBuyOrders] Getting order with OrderId - 4175299154
13:20:19 [ModifyBuyOrders] Modifying order with OrderId - 4175299154 OldPrice - 35.88 MarketPrice - 35.92 NewPrice - 35.93
13:20:19 [ModifyBuyOrders] Getting order with OrderId - 4175299574
13:20:19 [ModifyBuyOrders] Modifying order with OrderId - 4175299574 OldPrice - 19.65 MarketPrice - 19.67 NewPrice - 19.68
13:20:19 [ModifyBuyOrders] Getting order with OrderId - 4175303646
13:20:19 [ModifyBuyOrders] Modifying order with OrderId - 4175303646 OldPrice - 301.2 MarketPrice - 301.22 NewPrice - 301.23
13:20:19 [ModifyBuyOrders] Getting order with OrderId - 4175304815
13:20:19 [ModifyBuyOrders] Modifying order with OrderId - 4175304815 OldPrice - 1006.18 MarketPrice - 1006.31 NewPrice - 1006.32
13:20:19 [ModifyBuyOrders] Getting order with OrderId - 4175306153
13:20:19 [ModifyBuyOrders] Modifying order with OrderId - 4175306153 OldPrice - 1400.09 MarketPrice - 1400.1 NewPrice - 1400.11
13:20:19 [ModifyBuyOrders] Getting order with OrderId - 4175306894
13:20:19 [ModifyBuyOrders] Modifying order with OrderId - 4175306894 OldPrice - 2100.64 MarketPrice - 2100.78 NewPrice - 2100.79
13:20:19 [ModifyBuyOrders] Getting order with OrderId - 4175307946
13:20:20 [ModifyBuyOrders] Modifying order with OrderId - 4175307946 OldPrice - 2102.35 MarketPrice - 2102.74 NewPrice - 2102.75
13:20:20 [ModifyBuyOrders] Getting order with OrderId - 4175310077
13:20:20 [ModifyBuyOrders] Modifying order with OrderId - 4175310077 OldPrice - 102.94 MarketPrice - 102.95 NewPrice - 102.96
13:20:20 [ModifyBuyOrders] Getting order with OrderId - 4175312103
13:20:20 [ModifyBuyOrders] Modifying order with OrderId - 4175312103 OldPrice - 6384.84 MarketPrice - 6384.86 NewPrice - 6384.87
13:20:20 [ModifyBuyOrders] Getting order with OrderId - 4175312978
13:20:20 [ModifyBuyOrders] Modifying order with OrderId - 4175312978 OldPrice - 1251 MarketPrice - 1251.01 NewPrice - 1251.02
13:20:20 [ModifyBuyOrders] Getting order with OrderId - 4175450401
13:20:20 [ModifyBuyOrders] Modifying order with OrderId - 4175450401 OldPrice - 3197.29 MarketPrice - 3197.32 NewPrice - 3197.33
13:20:20 [ModifyBuyOrders] Getting order with OrderId - 4175451169
13:20:20 [ModifyBuyOrders] Modifying order with OrderId - 4175451169 OldPrice - 90000.11 MarketPrice - 91000.05 NewPrice - 91000.06
13:20:20 [ModifyBuyOrders] Getting order with OrderId - 4175452055
13:20:20 [ModifyBuyOrders] Modifying order with OrderId - 4175452055 OldPrice - 90000.71 MarketPrice - 90000.81 NewPrice - 90000.82
13:20:20 [ModifyBuyOrders] Getting order with OrderId - 4175455699
13:20:20 [ModifyBuyOrders] Modifying order with OrderId - 4175455699 OldPrice - 13080.64 MarketPrice - 13080.85 NewPrice - 13080.86
13:20:20 [ModifyBuyOrders] Getting order with OrderId - 4175459644
13:20:20 [ModifyBuyOrders] Modifying order with OrderId - 4175459644 OldPrice - 35.2 MarketPrice - 35.37 NewPrice - 35.38
13:20:20 [ModifyBuyOrders] Getting order with OrderId - 4175467610
13:20:20 [ModifyBuyOrders] Modifying order with OrderId - 4175467610 OldPrice - 1501.02 MarketPrice - 1510 NewPrice - 1510.01
13:20:20 [ModifyBuyOrders] Getting order with OrderId - 4175522377
13:20:20 [ModifyBuyOrders] Modifying order with OrderId - 4175522377 OldPrice - 1100.56 MarketPrice - 1100.57 NewPrice - 1100.58
13:20:20 [ModifyBuyOrders] Getting order with OrderId - 4175533104
13:20:20 [ModifyBuyOrders] Modifying order with OrderId - 4175533104 OldPrice - 515336.02 MarketPrice - 579301.57 NewPrice - 579301.58
13:20:20 [ModifyBuyOrders] Getting order with OrderId - 4175535181
13:20:20 [ModifyBuyOrders] Getting order with OrderId - 4175536118
13:20:20 [ModifyBuyOrders] Modifying order with OrderId - 4175536118 OldPrice - 118004.24 MarketPrice - 118004.26 NewPrice - 118004.27
13:20:20 [ModifyBuyOrders] Getting order with OrderId - 4175536430
13:20:20 [ModifyBuyOrders] Modifying order with OrderId - 4175536430 OldPrice - 1104491.18 MarketPrice - 1104491.36 NewPrice - 1104491.37
13:20:20 [ModifyBuyOrders] Getting order with OrderId - 4175537153
13:20:20 [ModifyBuyOrders] Getting order with OrderId - 4175538241
13:20:20 [ModifyBuyOrders] Modifying order with OrderId - 4175538241 OldPrice - 27550416.01 MarketPrice - 27550501 NewPrice - 27550501.01
13:20:20 [ModifyBuyOrders] Getting order with OrderId - 4175539572
13:20:20 [ModifyBuyOrders] Modifying order with OrderId - 4175539572 OldPrice - 8515.24 MarketPrice - 8515.25 NewPrice - 8515.26
13:20:20 [ModifyBuyOrders] Getting order with OrderId - 4175543408
13:20:20 [ModifyBuyOrders] Modifying order with OrderId - 4175543408 OldPrice - 325.82 MarketPrice - 325.86 NewPrice - 325.87
13:20:20 [ModifyBuyOrders] Getting order with OrderId - 4175544323
13:20:20 [ModifyBuyOrders] Modifying order with OrderId - 4175544323 OldPrice - 620.45 MarketPrice - 621.01 NewPrice - 621.02
13:20:20 [ModifyBuyOrders] Getting order with OrderId - 4175545609
13:20:20 [ModifyBuyOrders] Modifying order with OrderId - 4175545609 OldPrice - 130000.34 MarketPrice - 130000.41 NewPrice - 130000.42
13:20:20 [ModifyBuyOrders] Getting order with OrderId - 4175546340
13:20:20 [ModifyBuyOrders] Modifying order with OrderId - 4175546340 OldPrice - 100000.42 MarketPrice - 100000.52 NewPrice - 100000.53
13:20:20 [ModifyBuyOrders] Getting order with OrderId - 4175547282
13:20:20 [ModifyBuyOrders] Modifying order with OrderId - 4175547282 OldPrice - 210027.05 MarketPrice - 210028.04 NewPrice - 210028.05
13:20:20 [ModifyBuyOrders] Getting order with OrderId - 4175547851
13:20:20 [ModifyBuyOrders] Getting order with OrderId - 4175548448
13:20:20 [ModifyBuyOrders] Modifying order with OrderId - 4175548448 OldPrice - 50010.1 MarketPrice - 50011.03 NewPrice - 50011.04
13:20:20 [ModifyBuyOrders] Getting order with OrderId - 4175549094
13:20:20 [ModifyBuyOrders] Modifying order with OrderId - 4175549094 OldPrice - 130008.02 MarketPrice - 130008.03 NewPrice - 130008.04
13:20:20 [ModifyBuyOrders] Getting order with OrderId - 4175552044
13:20:20 [ModifyBuyOrders] Getting order with OrderId - 4175554027
13:20:20 [ModifyBuyOrders] Modifying order with OrderId - 4175554027 OldPrice - 290000000.01 MarketPrice - 294000000.05 NewPrice - 294000000.06
13:20:20 [ModifyBuyOrders] Getting order with OrderId - 4175555631
13:20:20 [ModifyBuyOrders] Getting order with OrderId - 4175557296
13:20:20 [ModifyBuyOrders] Modifying order with OrderId - 4175557296 OldPrice - 17201067.27 MarketPrice - 17201138.68 NewPrice - 17201138.69
13:20:20 [ModifyBuyOrders] Getting order with OrderId - 4175559148
13:20:20 [ModifyBuyOrders] Modifying order with OrderId - 4175559148 OldPrice - 1824190.16 MarketPrice - 1824290.13 NewPrice - 1824290.14
13:20:20 [ModifyBuyOrders] Getting order with OrderId - 4175561047
13:20:20 [ModifyBuyOrders] Modifying order with OrderId - 4175561047 OldPrice - 36000000.27 MarketPrice - 36100002.02 NewPrice - 36100002.03
13:20:20 [ModifyBuyOrders] Getting order with OrderId - 4175561873
13:20:20 [ModifyBuyOrders] Modifying order with OrderId - 4175561873 OldPrice - 5600177.91 MarketPrice - 5600200.04 NewPrice - 5600200.05
13:20:20 [ModifyBuyOrders] Getting order with OrderId - 4175562816
13:20:20 [ModifyBuyOrders] Modifying order with OrderId - 4175562816 OldPrice - 200002.82 MarketPrice - 200002.9 NewPrice - 200002.91
13:20:20 [OmniEve] OnFrame: Popping next action off the queue
13:20:21 [OmniEve] OnFrame: Initializing current action
13:20:22 [ModifyOrder] Market already open no need to open the market
13:20:24 [ModifyOrder] Loaded order, OrderId - 4170858025 OrderPrice - 499527.95 NewPrice - 499527.93
13:20:24 [ModifyOrder] Modifying order successful
13:20:25 [OmniEve] OnFrame: Current action is done, going back to idle state
13:20:27 [OmniEve] OnFrame: Popping next action off the queue
13:20:28 [OmniEve] OnFrame: Initializing current action
13:20:29 [ModifyOrder] Market already open no need to open the market
13:20:31 [ModifyOrder] Loaded order, OrderId - 4175264642 OrderPrice - 21944.97 NewPrice - 21944.95
13:20:31 [ModifyOrder] Modifying order successful
13:20:32 [OmniEve] OnFrame: Current action is done, going back to idle state
13:20:34 [OmniEve] OnFrame: Popping next action off the queue
13:20:35 [OmniEve] OnFrame: Initializing current action
13:20:36 [ModifyOrder] Market already open no need to open the market
13:20:38 [ModifyOrder] Loaded order, OrderId - 4175290710 OrderPrice - 18.78 NewPrice - 18.91
13:20:38 [ModifyOrder] Modifying order successful
13:20:39 [OmniEve] OnFrame: Current action is done, going back to idle state
13:20:41 [OmniEve] OnFrame: Popping next action off the queue
13:20:42 [OmniEve] OnFrame: Initializing current action
13:20:43 [ModifyOrder] Market already open no need to open the market
13:20:45 [ModifyOrder] Loaded order, OrderId - 4175296163 OrderPrice - 35.87 NewPrice - 35.94
13:20:45 [ModifyOrder] Modifying order successful
13:20:46 [OmniEve] OnFrame: Current action is done, going back to idle state
13:20:48 [OmniEve] OnFrame: Popping next action off the queue
13:20:49 [OmniEve] OnFrame: Initializing current action
13:20:50 [ModifyOrder] Market already open no need to open the market
13:20:52 [ModifyOrder] Loaded order, OrderId - 4175298608 OrderPrice - 26.81 NewPrice - 27.33
13:20:52 [ModifyOrder] Modifying order successful
13:20:53 [OmniEve] OnFrame: Current action is done, going back to idle state
13:20:55 [OmniEve] OnFrame: Popping next action off the queue
13:20:56 [OmniEve] OnFrame: Initializing current action
13:20:57 [ModifyOrder] Market already open no need to open the market
13:20:59 [ModifyOrder] Loaded order, OrderId - 4175299154 OrderPrice - 35.88 NewPrice - 35.93
13:20:59 [ModifyOrder] Modifying order successful
13:21:00 [OmniEve] OnFrame: Current action is done, going back to idle state
13:21:02 [OmniEve] OnFrame: Popping next action off the queue
13:21:03 [OmniEve] OnFrame: Initializing current action
13:21:03 [ModifyOrder] Market already open no need to open the market
13:21:05 [ModifyOrder] Loaded order, OrderId - 4175299574 OrderPrice - 19.65 NewPrice - 19.68
13:21:05 [ModifyOrder] Modifying order successful
13:21:06 [OmniEve] OnFrame: Current action is done, going back to idle state
13:21:09 [OmniEve] OnFrame: Popping next action off the queue
13:21:09 [OmniEve] OnFrame: Initializing current action
13:21:10 [ModifyOrder] Market already open no need to open the market
13:21:12 [ModifyOrder] Loaded order, OrderId - 4175303646 OrderPrice - 301.2 NewPrice - 301.23
13:21:12 [ModifyOrder] Modifying order successful
13:21:13 [OmniEve] OnFrame: Current action is done, going back to idle state
13:21:15 [OmniEve] OnFrame: Popping next action off the queue
13:21:16 [OmniEve] OnFrame: Initializing current action
13:21:17 [ModifyOrder] Market already open no need to open the market
13:21:19 [ModifyOrder] Loaded order, OrderId - 4175304815 OrderPrice - 1006.18 NewPrice - 1006.32
13:21:19 [ModifyOrder] Modifying order successful
13:21:19 [OmniEve] OnFrame: Current action is done, going back to idle state
13:21:20 [OmniEve] OnFrame: Popping next action off the queue
13:21:20 [OmniEve] OnFrame: Initializing current action
13:21:21 [ModifyOrder] Market already open no need to open the market
13:21:22 [ModifyOrder] Loaded order, OrderId - 4175306153 OrderPrice - 1400.09 NewPrice - 1400.11
13:21:22 [ModifyOrder] Modifying order successful
13:21:22 [OmniEve] OnFrame: Current action is done, going back to idle state
13:21:23 [OmniEve] OnFrame: Popping next action off the queue
13:21:23 [OmniEve] OnFrame: Initializing current action
13:21:24 [ModifyOrder] Market already open no need to open the market
13:21:24 [ModifyOrder] Loaded order, OrderId - 4175306894 OrderPrice - 2100.64 NewPrice - 2100.79
13:21:24 [ModifyOrder] Modifying order successful
13:21:25 [OmniEve] OnFrame: Current action is done, going back to idle state
13:21:26 [OmniEve] OnFrame: Popping next action off the queue
13:21:26 [OmniEve] OnFrame: Initializing current action
13:21:27 [ModifyOrder] Market already open no need to open the market
13:21:27 [ModifyOrder] Loaded order, OrderId - 4175307946 OrderPrice - 2102.35 NewPrice - 2102.75
13:21:27 [ModifyOrder] Modifying order successful
13:21:28 [OmniEve] OnFrame: Current action is done, going back to idle state
13:21:29 [OmniEve] OnFrame: Popping next action off the queue
13:21:29 [OmniEve] OnFrame: Initializing current action
13:21:29 [ModifyOrder] Market already open no need to open the market
13:21:30 [ModifyOrder] Loaded order, OrderId - 4175310077 OrderPrice - 102.94 NewPrice - 102.96
13:21:30 [ModifyOrder] Modifying order successful
13:21:31 [OmniEve] OnFrame: Current action is done, going back to idle state
13:21:31 [OmniEve] OnFrame: Popping next action off the queue
13:21:32 [OmniEve] OnFrame: Initializing current action
13:21:32 [ModifyOrder] Market already open no need to open the market
13:21:33 [ModifyOrder] Loaded order, OrderId - 4175312103 OrderPrice - 6384.84 NewPrice - 6384.87
13:21:33 [ModifyOrder] Modifying order successful
13:21:34 [OmniEve] OnFrame: Current action is done, going back to idle state
13:21:34 [OmniEve] OnFrame: Popping next action off the queue
13:21:35 [OmniEve] OnFrame: Initializing current action
13:21:35 [ModifyOrder] Market already open no need to open the market
13:21:36 [ModifyOrder] Loaded order, OrderId - 4175312978 OrderPrice - 1251 NewPrice - 1251.02
13:21:36 [ModifyOrder] Modifying order successful
13:21:36 [OmniEve] OnFrame: Current action is done, going back to idle state
13:21:37 [OmniEve] OnFrame: Popping next action off the queue
13:21:38 [OmniEve] OnFrame: Initializing current action
13:21:38 [ModifyOrder] Market already open no need to open the market
13:21:39 [ModifyOrder] Loaded order, OrderId - 4175450401 OrderPrice - 3197.29 NewPrice - 3197.33
13:21:39 [ModifyOrder] Modifying order successful
13:21:39 [OmniEve] OnFrame: Current action is done, going back to idle state
13:21:40 [OmniEve] OnFrame: Popping next action off the queue
13:21:40 [OmniEve] OnFrame: Initializing current action
13:21:41 [ModifyOrder] Market already open no need to open the market
13:21:42 [ModifyOrder] Loaded order, OrderId - 4175451169 OrderPrice - 90000.11 NewPrice - 91000.06
13:21:42 [ModifyOrder] Modifying order successful
13:21:42 [OmniEve] OnFrame: Current action is done, going back to idle state
13:21:43 [OmniEve] OnFrame: Popping next action off the queue
13:21:43 [OmniEve] OnFrame: Initializing current action
13:21:44 [ModifyOrder] Market already open no need to open the market
13:21:44 [ModifyOrder] Loaded order, OrderId - 4175452055 OrderPrice - 90000.71 NewPrice - 90000.82
13:21:44 [ModifyOrder] Modifying order successful
13:21:45 [OmniEve] OnFrame: Current action is done, going back to idle state
13:21:46 [OmniEve] OnFrame: Popping next action off the queue
13:21:46 [OmniEve] OnFrame: Initializing current action
13:21:46 [ModifyOrder] Market already open no need to open the market
13:21:47 [ModifyOrder] Loaded order, OrderId - 4175455699 OrderPrice - 13080.64 NewPrice - 13080.86
13:21:47 [ModifyOrder] Modifying order successful
13:21:48 [OmniEve] OnFrame: Current action is done, going back to idle state
13:21:49 [OmniEve] OnFrame: Popping next action off the queue
13:21:49 [OmniEve] OnFrame: Initializing current action
13:21:49 [ModifyOrder] Market already open no need to open the market
13:21:50 [ModifyOrder] Loaded order, OrderId - 4175459644 OrderPrice - 35.2 NewPrice - 35.38
13:21:50 [ModifyOrder] Modifying order successful
13:21:51 [OmniEve] OnFrame: Current action is done, going back to idle state
13:21:51 [OmniEve] OnFrame: Popping next action off the queue
13:21:52 [OmniEve] OnFrame: Initializing current action
13:21:52 [ModifyOrder] Market already open no need to open the market
13:21:53 [ModifyOrder] Loaded order, OrderId - 4175467610 OrderPrice - 1501.02 NewPrice - 1510.01
13:21:53 [ModifyOrder] Modifying order successful
13:21:53 [OmniEve] OnFrame: Current action is done, going back to idle state
13:21:54 [OmniEve] OnFrame: Popping next action off the queue
13:21:55 [OmniEve] OnFrame: Initializing current action
13:21:55 [ModifyOrder] Market already open no need to open the market
13:21:56 [ModifyOrder] Loaded order, OrderId - 4175522377 OrderPrice - 1100.56 NewPrice - 1100.58
13:21:56 [ModifyOrder] Modifying order successful
13:21:56 [OmniEve] OnFrame: Current action is done, going back to idle state
13:21:57 [OmniEve] OnFrame: Popping next action off the queue
13:21:58 [OmniEve] OnFrame: Initializing current action
13:21:58 [ModifyOrder] Market already open no need to open the market
13:21:59 [ModifyOrder] Loaded order, OrderId - 4175533104 OrderPrice - 515336.02 NewPrice - 579301.58
13:21:59 [ModifyOrder] Modifying order successful
13:21:59 [OmniEve] OnFrame: Current action is done, going back to idle state
13:22:00 [OmniEve] OnFrame: Popping next action off the queue
13:22:01 [OmniEve] OnFrame: Initializing current action
13:22:01 [ModifyOrder] Market already open no need to open the market
13:22:02 [ModifyOrder] Loaded order, OrderId - 4175536118 OrderPrice - 118004.24 NewPrice - 118004.27
13:22:02 [ModifyOrder] Modifying order successful
13:22:02 [OmniEve] OnFrame: Current action is done, going back to idle state
13:22:03 [OmniEve] OnFrame: Popping next action off the queue
13:22:03 [OmniEve] OnFrame: Initializing current action
13:22:04 [ModifyOrder] Market already open no need to open the market
13:22:05 [ModifyOrder] Loaded order, OrderId - 4175536430 OrderPrice - 1104491.18 NewPrice - 1104491.37
13:22:05 [ModifyOrder] Modifying order successful
13:22:05 [OmniEve] OnFrame: Current action is done, going back to idle state
13:22:06 [OmniEve] OnFrame: Popping next action off the queue
13:22:06 [OmniEve] OnFrame: Initializing current action
13:22:07 [ModifyOrder] Market already open no need to open the market
13:22:07 [ModifyOrder] Loaded order, OrderId - 4175538241 OrderPrice - 27550416.01 NewPrice - 27550501.01
13:22:07 [ModifyOrder] Modifying order successful
13:22:08 [OmniEve] OnFrame: Current action is done, going back to idle state
13:22:09 [OmniEve] OnFrame: Popping next action off the queue
13:22:09 [OmniEve] OnFrame: Initializing current action
13:22:09 [ModifyOrder] Market already open no need to open the market
13:22:10 [ModifyOrder] Loaded order, OrderId - 4175539572 OrderPrice - 8515.24 NewPrice - 8515.26
13:22:10 [ModifyOrder] Modifying order successful
13:22:11 [OmniEve] OnFrame: Current action is done, going back to idle state
13:22:11 [OmniEve] OnFrame: Popping next action off the queue
13:22:12 [OmniEve] OnFrame: Initializing current action
13:22:12 [ModifyOrder] Market already open no need to open the market
13:22:13 [ModifyOrder] Loaded order, OrderId - 4175543408 OrderPrice - 325.82 NewPrice - 325.87
13:22:13 [ModifyOrder] Modifying order successful
13:22:13 [OmniEve] OnFrame: Current action is done, going back to idle state
13:22:14 [OmniEve] OnFrame: Popping next action off the queue
13:22:15 [OmniEve] OnFrame: Initializing current action
13:22:15 [ModifyOrder] Market already open no need to open the market
13:22:16 [ModifyOrder] Loaded order, OrderId - 4175544323 OrderPrice - 620.45 NewPrice - 621.02
13:22:16 [ModifyOrder] Modifying order successful
13:22:16 [OmniEve] OnFrame: Current action is done, going back to idle state
13:22:17 [OmniEve] OnFrame: Popping next action off the queue
13:22:17 [OmniEve] OnFrame: Initializing current action
13:22:18 [ModifyOrder] Market already open no need to open the market
13:22:19 [ModifyOrder] Loaded order, OrderId - 4175545609 OrderPrice - 130000.34 NewPrice - 130000.42
13:22:19 [ModifyOrder] Modifying order successful
13:22:19 [OmniEve] OnFrame: Current action is done, going back to idle state
13:22:20 [OmniEve] OnFrame: Popping next action off the queue
13:22:20 [OmniEve] OnFrame: Initializing current action
13:22:21 [ModifyOrder] Market already open no need to open the market
13:22:21 [ModifyOrder] Loaded order, OrderId - 4175546340 OrderPrice - 100000.42 NewPrice - 100000.53
13:22:21 [ModifyOrder] Modifying order successful
13:22:22 [OmniEve] OnFrame: Current action is done, going back to idle state
13:22:23 [OmniEve] OnFrame: Popping next action off the queue
13:22:23 [OmniEve] OnFrame: Initializing current action
13:22:23 [ModifyOrder] Market already open no need to open the market
13:22:24 [ModifyOrder] Loaded order, OrderId - 4175547282 OrderPrice - 210027.05 NewPrice - 210028.05
13:22:24 [ModifyOrder] Modifying order successful
13:22:25 [OmniEve] OnFrame: Current action is done, going back to idle state
13:22:26 [OmniEve] OnFrame: Popping next action off the queue
13:22:26 [OmniEve] OnFrame: Initializing current action
13:22:26 [ModifyOrder] Market already open no need to open the market
13:22:27 [ModifyOrder] Loaded order, OrderId - 4175548448 OrderPrice - 50010.1 NewPrice - 50011.04
13:22:27 [ModifyOrder] Modifying order successful
13:22:28 [OmniEve] OnFrame: Current action is done, going back to idle state
13:22:28 [OmniEve] OnFrame: Popping next action off the queue
13:22:29 [OmniEve] OnFrame: Initializing current action
13:22:29 [ModifyOrder] Market already open no need to open the market
13:22:30 [ModifyOrder] Loaded order, OrderId - 4175549094 OrderPrice - 130008.02 NewPrice - 130008.04
13:22:30 [ModifyOrder] Modifying order successful
13:22:30 [OmniEve] OnFrame: Current action is done, going back to idle state
13:22:31 [OmniEve] OnFrame: Popping next action off the queue
13:22:32 [OmniEve] OnFrame: Initializing current action
13:22:32 [ModifyOrder] Market already open no need to open the market
13:22:33 [ModifyOrder] Loaded order, OrderId - 4175554027 OrderPrice - 290000000.01 NewPrice - 294000000.06
13:22:33 [ModifyOrder] Modifying order successful
13:22:33 [OmniEve] OnFrame: Current action is done, going back to idle state
13:22:34 [OmniEve] OnFrame: Popping next action off the queue
13:22:35 [OmniEve] OnFrame: Initializing current action
13:22:35 [ModifyOrder] Market already open no need to open the market
13:22:36 [ModifyOrder] Loaded order, OrderId - 4175557296 OrderPrice - 17201067.27 NewPrice - 17201138.69
13:22:36 [ModifyOrder] Modifying order successful
13:22:36 [OmniEve] OnFrame: Current action is done, going back to idle state
13:22:37 [OmniEve] OnFrame: Popping next action off the queue
13:22:37 [OmniEve] OnFrame: Initializing current action
13:22:38 [ModifyOrder] Market already open no need to open the market
13:22:39 [ModifyOrder] Loaded order, OrderId - 4175559148 OrderPrice - 1824190.16 NewPrice - 1824290.14
13:22:39 [ModifyOrder] Modifying order successful
13:22:39 [OmniEve] OnFrame: Current action is done, going back to idle state
13:22:40 [OmniEve] OnFrame: Popping next action off the queue
13:22:40 [OmniEve] OnFrame: Initializing current action
13:22:41 [ModifyOrder] Market already open no need to open the market
13:22:42 [ModifyOrder] Loaded order, OrderId - 4175561047 OrderPrice - 36000000.27 NewPrice - 36100002.03
13:22:42 [ModifyOrder] Modifying order successful
13:22:42 [OmniEve] OnFrame: Current action is done, going back to idle state
13:22:43 [OmniEve] OnFrame: Popping next action off the queue
13:22:43 [OmniEve] OnFrame: Initializing current action
13:22:44 [ModifyOrder] Market already open no need to open the market
13:22:44 [ModifyOrder] Loaded order, OrderId - 4175561873 OrderPrice - 5600177.91 NewPrice - 5600200.05
13:22:44 [ModifyOrder] Modifying order successful
13:22:45 [OmniEve] OnFrame: Current action is done, going back to idle state
13:22:46 [OmniEve] OnFrame: Popping next action off the queue
13:22:46 [OmniEve] OnFrame: Initializing current action
13:22:46 [ModifyOrder] Market already open no need to open the market
13:22:47 [ModifyOrder] Loaded order, OrderId - 4175562816 OrderPrice - 200002.82 NewPrice - 200002.91
13:22:47 [ModifyOrder] Modifying order successful
13:22:48 [OmniEve] OnFrame: Current action is done, going back to idle state
